<?xml version="1.0" encoding="UTF-8"?>
<testsuite name="CategoryTest" tests="4" skipped="0" failures="0" errors="0" timestamp="2015-08-31T22:47:52" hostname="epicodus-105.local" time="0.059">
  <properties/>
  <testcase name="equals_returnsTrueIfNamesAretheSame" classname="CategoryTest" time="0.006"/>
  <testcase name="all_emptyAtFirst" classname="CategoryTest" time="0.012"/>
  <testcase name="find_findCategoryInDatabase_true" classname="CategoryTest" time="0.025"/>
  <testcase name="save_savesIntoDatabase_true" classname="CategoryTest" time="0.014"/>
  <system-out><![CDATA[]]></system-out>
  <system-err><![CDATA[]]></system-err>
</testsuite>
